{
  "RSpec": {
    "coverage": {
      "/Users/yqwang/Code/ruby/blog/spec/controllers/application_controller_spec.rb": [
        1,
        null,
        1,
        null,
        null,
        null,
        null
      ],
      "/Users/yqwang/Code/ruby/blog/spec/rails_helper.rb": [
        null,
        1,
        1,
        1,
        1,
        null,
        null,
        null,
        null,
        null,
        null,
        null,
        null,
        null,
        null,
        null,
        null,
        null,
        null,
        null,
        null,
        null,
        null,
        null,
        1,
        null,
        1,
        null,
        1,
        null,
        null,
        null,
        null,
        1,
        null,
        null,
        null,
        null,
        null,
        null,
        null,
        null,
        null,
        null,
        null,
        null,
        null,
        null,
        1,
        null
      ],
      "/Users/yqwang/Code/ruby/blog/config/environment.rb": [
        null,
        1,
        null,
        null,
        1
      ],
      "/Users/yqwang/Code/ruby/blog/config/application.rb": [
        1,
        null,
        1,
        null,
        null,
        null,
        1,
        null,
        1,
        1,
        null,
        null,
        null,
        null,
        null,
        null,
        null,
        null,
        null,
        null,
        null,
        null,
        1,
        null,
        null,
        null,
        null,
        null,
        null,
        null,
        null
      ],
      "/Users/yqwang/Code/ruby/blog/config/boot.rb": [
        null,
        1,
        null,
        1
      ],
      "/Users/yqwang/Code/ruby/blog/config/environments/test.rb": [
        1,
        null,
        null,
        null,
        null,
        null,
        null,
        1,
        null,
        null,
        null,
        null,
        1,
        null,
        null,
        1,
        1,
        null,
        null,
        1,
        1,
        null,
        null,
        1,
        null,
        null,
        1,
        null,
        null,
        null,
        null,
        1,
        null,
        null,
        1,
        null,
        null,
        null,
        null
      ],
      "/Users/yqwang/Code/ruby/blog/config/initializers/assets.rb": [
        null,
        null,
        null,
        1,
        null,
        null,
        null,
        null
      ],
      "/Users/yqwang/Code/ruby/blog/config/initializers/backtrace_silencers.rb": [
        null,
        null,
        null,
        null,
        null,
        null,
        null
      ],
      "/Users/yqwang/Code/ruby/blog/config/initializers/cookies_serializer.rb": [
        null,
        null,
        1
      ],
      "/Users/yqwang/Code/ruby/blog/config/initializers/filter_parameter_logging.rb": [
        null,
        null,
        null,
        1
      ],
      "/Users/yqwang/Code/ruby/blog/config/initializers/inflections.rb": [
        null,
        null,
        null,
        null,
        null,
        null,
        null,
        null,
        null,
        null,
        null,
        null,
        null,
        null,
        null,
        null
      ],
      "/Users/yqwang/Code/ruby/blog/config/initializers/mime_types.rb": [
        null,
        null,
        null,
        null
      ],
      "/Users/yqwang/Code/ruby/blog/config/initializers/session_store.rb": [
        null,
        null,
        1
      ],
      "/Users/yqwang/Code/ruby/blog/config/initializers/wrap_parameters.rb": [
        null,
        null,
        null,
        null,
        null,
        null,
        1,
        1,
        null,
        null,
        null,
        null,
        null,
        null
      ],
      "/Users/yqwang/Code/ruby/blog/spec/factories/articles.rb": [
        1,
        1,
        1,
        1,
        null,
        null,
        null
      ],
      "/Users/yqwang/Code/ruby/blog/spec/factories/tags.rb": [
        1,
        1,
        1,
        null,
        null,
        null
      ],
      "/Users/yqwang/Code/ruby/blog/spec/factories/users.rb": [
        1,
        1,
        1,
        1,
        1,
        null,
        null
      ],
      "/Users/yqwang/Code/ruby/blog/config/routes.rb": [
        1,
        1,
        null,
        1,
        null,
        1,
        null,
        1,
        null,
        1,
        null,
        1,
        null,
        1,
        1,
        1,
        1,
        1,
        null,
        null,
        1,
        null,
        1,
        null,
        1,
        null,
        1,
        1,
        null,
        null,
        null,
        null,
        null,
        null,
        null,
        null,
        null,
        null,
        null,
        null,
        null,
        null,
        null,
        null,
        null,
        null,
        null,
        null,
        null,
        null,
        null,
        null,
        null,
        null,
        null,
        null,
        null,
        null,
        null,
        null,
        null,
        null,
        null,
        null,
        null,
        null,
        null,
        null,
        null,
        null,
        null,
        null,
        null,
        null,
        null,
        null,
        null,
        null,
        null,
        null,
        null,
        null,
        null,
        null
      ],
      "/Users/yqwang/Code/ruby/blog/app/helpers/application_helper.rb": [
        1,
        null,
        1,
        1,
        0,
        null,
        null,
        null,
        null,
        1,
        0,
        0,
        null,
        null,
        null,
        null,
        null,
        null,
        null,
        null,
        0,
        null,
        null,
        1,
        0,
        null,
        null,
        null,
        null
      ],
      "/Users/yqwang/Code/ruby/blog/app/helpers/articles_helper.rb": [
        1,
        null
      ],
      "/Users/yqwang/Code/ruby/blog/app/helpers/sessions_helper.rb": [
        1,
        null,
        1,
        10,
        null,
        null,
        null,
        1,
        0,
        null,
        null,
        null
      ],
      "/Users/yqwang/Code/ruby/blog/app/helpers/tags_helper.rb": [
        1,
        null
      ],
      "/Users/yqwang/Code/ruby/blog/app/helpers/welcomes_helper.rb": [
        1,
        null
      ],
      "/Users/yqwang/Code/ruby/blog/db/schema.rb": [
        null,
        null,
        null,
        null,
        null,
        null,
        null,
        null,
        null,
        null,
        null,
        null,
        null,
        1,
        null,
        null,
        1,
        null,
        1,
        1,
        1,
        1,
        1,
        null,
        null,
        1,
        1,
        1,
        1,
        1,
        null,
        null,
        1,
        1,
        1,
        1,
        null,
        null,
        1,
        1,
        1,
        1,
        1,
        null,
        null,
        null
      ],
      "/Users/yqwang/Code/ruby/blog/app/controllers/application_controller.rb": [
        1,
        null,
        null,
        1,
        null,
        1,
        7,
        0,
        null,
        null,
        null
      ],
      "/Users/yqwang/Code/ruby/blog/spec/controllers/articles_controller_spec.rb": [
        1,
        null,
        1,
        null,
        1,
        null,
        1,
        6,
        6,
        null,
        null,
        1,
        1,
        1,
        1,
        1,
        null,
        null,
        null,
        1,
        1,
        1,
        1,
        1,
        null,
        null,
        null,
        1,
        1,
        1,
        1,
        1,
        null,
        null,
        null,
        1,
        1,
        1,
        1,
        1,
        null,
        null,
        null,
        1,
        1,
        1,
        1,
        1,
        null,
        null,
        null,
        1,
        1,
        1,
        1,
        1,
        null,
        null,
        null,
        null
      ],
      "/Users/yqwang/Code/ruby/blog/app/controllers/articles_controller.rb": [
        1,
        1,
        1,
        1,
        1,
        1,
        null,
        1,
        null,
        null,
        1,
        1,
        1,
        null,
        null,
        1,
        1,
        null,
        1,
        null,
        1,
        1,
        null,
        1,
        null,
        null,
        null,
        1,
        null,
        null,
        null,
        1,
        0,
        0,
        0,
        0,
        0,
        0,
        null,
        null,
        0,
        null,
        null,
        1,
        1,
        1,
        1,
        1,
        1,
        null,
        null,
        1,
        null,
        0,
        null,
        null,
        null,
        1,
        1,
        1,
        0,
        null,
        1,
        1,
        0,
        0,
        null,
        null,
        1,
        null,
        0,
        null,
        null,
        null,
        1,
        1,
        1,
        null,
        null,
        1,
        1,
        2,
        null,
        null,
        1,
        1,
        null,
        null,
        1,
        2,
        null,
        null,
        1,
        1,
        null,
        null,
        1,
        3,
        null,
        null,
        1,
        1,
        1,
        1,
        null,
        null,
        null,
        null,
        null
      ],
      "/Users/yqwang/Code/ruby/blog/spec/controllers/tags_controller_spec.rb": [
        1,
        null,
        1,
        null,
        1,
        null,
        1,
        4,
        4,
        null,
        null,
        1,
        1,
        1,
        1,
        1,
        null,
        null,
        null,
        1,
        1,
        1,
        1,
        null,
        null,
        null,
        1,
        1,
        1,
        1,
        null,
        null,
        null,
        1,
        1,
        1,
        1,
        1,
        null,
        null,
        null,
        null
      ],
      "/Users/yqwang/Code/ruby/blog/app/controllers/tags_controller.rb": [
        1,
        1,
        1,
        1,
        null,
        1,
        1,
        null,
        null,
        1,
        1,
        null,
        null,
        1,
        1,
        1,
        null,
        0,
        null,
        null,
        null,
        1,
        1,
        1,
        1,
        null,
        null,
        1,
        0,
        0,
        null,
        null,
        null,
        1,
        1,
        1,
        null,
        null,
        1,
        2,
        null,
        null,
        1,
        1,
        null,
        null
      ],
      "/Users/yqwang/Code/ruby/blog/spec/controllers/welcomes_controller_spec.rb": [
        1,
        null,
        1,
        null,
        1,
        1,
        1,
        1,
        1,
        null,
        null,
        1,
        1,
        1,
        1,
        null,
        null,
        1,
        1,
        1,
        1,
        null,
        null,
        null,
        1,
        null,
        null,
        null,
        null,
        null,
        null,
        null,
        null,
        null,
        null,
        null,
        null,
        null,
        null
      ],
      "/Users/yqwang/Code/ruby/blog/app/controllers/welcomes_controller.rb": [
        1,
        1,
        1,
        null,
        1,
        3,
        3,
        0,
        null,
        null,
        null,
        1,
        0,
        null,
        null,
        1,
        null,
        null,
        1,
        null,
        null,
        null,
        1,
        0,
        null,
        null,
        1,
        0,
        null,
        null,
        1,
        0,
        null,
        null,
        1,
        1,
        3,
        null,
        null,
        1,
        4,
        null,
        null
      ],
      "/Users/yqwang/Code/ruby/blog/spec/helpers/tags_helper_spec.rb": [
        1,
        null,
        null,
        null,
        null,
        null,
        null,
        null,
        null,
        null,
        null,
        null,
        1,
        null
      ],
      "/Users/yqwang/Code/ruby/blog/spec/models/article_spec.rb": [
        1,
        null,
        1,
        1,
        null
      ],
      "/Users/yqwang/Code/ruby/blog/app/models/article.rb": [
        1,
        1,
        1,
        null,
        1,
        1,
        null,
        null
      ],
      "/Users/yqwang/Code/ruby/blog/spec/models/tag_spec.rb": [
        1,
        null,
        1,
        1,
        1,
        1,
        1,
        null,
        null,
        null
      ],
      "/Users/yqwang/Code/ruby/blog/app/models/tag.rb": [
        1,
        null,
        1,
        1,
        null,
        null,
        null
      ],
      "/Users/yqwang/Code/ruby/blog/spec/models/user_spec.rb": [
        1,
        null,
        1,
        1,
        null
      ],
      "/Users/yqwang/Code/ruby/blog/app/models/user.rb": [
        1,
        1,
        null,
        1,
        1,
        null
      ],
      "/Users/yqwang/Code/ruby/blog/app/models/article_tag.rb": [
        1,
        1,
        1,
        null,
        1,
        1,
        null
      ]
    },
    "timestamp": 1445489102
  }
}
