{
  "RSpec": {
    "coverage": {
      "/Users/twer/rails_test/blog/spec/controllers/tags_controller_spec.rb": [
        1,
        null,
        1,
        null,
        1,
        null,
        1,
        4,
        4,
        null,
        null,
        1,
        1,
        1,
        1,
        1,
        null,
        null,
        null,
        1,
        1,
        1,
        1,
        null,
        null,
        null,
        1,
        1,
        1,
        1,
        null,
        null,
        null,
        1,
        1,
        1,
        1,
        1,
        null,
        null,
        null,
        null
      ],
      "/Users/twer/rails_test/blog/spec/rails_helper.rb": [
        null,
        1,
        1,
        1,
        1,
        null,
        null,
        null,
        null,
        null,
        null,
        null,
        null,
        null,
        null,
        null,
        null,
        null,
        null,
        null,
        null,
        null,
        null,
        null,
        1,
        null,
        1,
        null,
        1,
        null,
        null,
        null,
        null,
        1,
        null,
        null,
        null,
        null,
        null,
        null,
        null,
        null,
        null,
        null,
        null,
        null,
        null,
        null,
        1,
        null
      ],
      "/Users/twer/rails_test/blog/config/environment.rb": [
        null,
        1,
        null,
        null,
        1
      ],
      "/Users/twer/rails_test/blog/config/application.rb": [
        1,
        null,
        1,
        null,
        null,
        null,
        1,
        null,
        1,
        1,
        null,
        null,
        null,
        null,
        null,
        null,
        null,
        null,
        null,
        null,
        null,
        null,
        1,
        null,
        null,
        null,
        null,
        null,
        null,
        null,
        null
      ],
      "/Users/twer/rails_test/blog/config/boot.rb": [
        null,
        1,
        null,
        1
      ],
      "/Users/twer/rails_test/blog/config/environments/test.rb": [
        1,
        null,
        null,
        null,
        null,
        null,
        null,
        1,
        null,
        null,
        null,
        null,
        1,
        null,
        null,
        1,
        1,
        null,
        null,
        1,
        1,
        null,
        null,
        1,
        null,
        null,
        1,
        null,
        null,
        null,
        null,
        1,
        null,
        null,
        1,
        null,
        null,
        null,
        null
      ],
      "/Users/twer/rails_test/blog/config/initializers/assets.rb": [
        null,
        null,
        null,
        1,
        null,
        null,
        null,
        null
      ],
      "/Users/twer/rails_test/blog/config/initializers/backtrace_silencers.rb": [
        null,
        null,
        null,
        null,
        null,
        null,
        null
      ],
      "/Users/twer/rails_test/blog/config/initializers/cookies_serializer.rb": [
        null,
        null,
        1
      ],
      "/Users/twer/rails_test/blog/config/initializers/filter_parameter_logging.rb": [
        null,
        null,
        null,
        1
      ],
      "/Users/twer/rails_test/blog/config/initializers/inflections.rb": [
        null,
        null,
        null,
        null,
        null,
        null,
        null,
        null,
        null,
        null,
        null,
        null,
        null,
        null,
        null,
        null
      ],
      "/Users/twer/rails_test/blog/config/initializers/mime_types.rb": [
        null,
        null,
        null,
        null
      ],
      "/Users/twer/rails_test/blog/config/initializers/session_store.rb": [
        null,
        null,
        1
      ],
      "/Users/twer/rails_test/blog/config/initializers/wrap_parameters.rb": [
        null,
        null,
        null,
        null,
        null,
        null,
        1,
        1,
        null,
        null,
        null,
        null,
        null,
        null
      ],
      "/Users/twer/rails_test/blog/spec/factories/article_tags.rb": [
        1,
        1,
        null,
        null,
        null,
        null
      ],
      "/Users/twer/rails_test/blog/spec/factories/articles.rb": [
        1,
        1,
        1,
        1,
        null,
        null
      ],
      "/Users/twer/rails_test/blog/spec/factories/tags.rb": [
        1,
        1,
        1,
        null,
        null,
        null
      ],
      "/Users/twer/rails_test/blog/spec/factories/users.rb": [
        1,
        1,
        1,
        1,
        1,
        null,
        null
      ],
      "/Users/twer/rails_test/blog/config/routes.rb": [
        1,
        1,
        null,
        1,
        null,
        1,
        1,
        1,
        1,
        null,
        null,
        1,
        null,
        1,
        null,
        1,
        null,
        null,
        null,
        null,
        null,
        null,
        null,
        null,
        null,
        null,
        null,
        null,
        null,
        null,
        null,
        null,
        null,
        null,
        null,
        null,
        null,
        null,
        null,
        null,
        null,
        null,
        null,
        null,
        null,
        null,
        null,
        null,
        null,
        null,
        null,
        null,
        null,
        null,
        null,
        null,
        null,
        null,
        null,
        null,
        null,
        null,
        null,
        null,
        null,
        null,
        null,
        null,
        null,
        null,
        null
      ],
      "/Users/twer/rails_test/blog/app/helpers/application_helper.rb": [
        1,
        null,
        1,
        1,
        0,
        null,
        null,
        null,
        null,
        1,
        0,
        0,
        null,
        null,
        null,
        null,
        null,
        null,
        null,
        0,
        null,
        null,
        1,
        0,
        null,
        null,
        null,
        null
      ],
      "/Users/twer/rails_test/blog/app/helpers/articles_helper.rb": [
        1,
        null
      ],
      "/Users/twer/rails_test/blog/app/helpers/sessions_helper.rb": [
        1,
        null,
        1,
        4,
        null,
        null,
        null,
        1,
        0,
        null,
        null,
        null
      ],
      "/Users/twer/rails_test/blog/app/helpers/tags_helper.rb": [
        1,
        null
      ],
      "/Users/twer/rails_test/blog/app/helpers/welcomes_helper.rb": [
        1,
        null
      ],
      "/Users/twer/rails_test/blog/app/controllers/tags_controller.rb": [
        1,
        1,
        null,
        1,
        null,
        1,
        1,
        null,
        null,
        1,
        1,
        1,
        null,
        0,
        null,
        null,
        null,
        1,
        1,
        1,
        1,
        null,
        null,
        null,
        1,
        1,
        1,
        null,
        null,
        1,
        2,
        null,
        null
      ],
      "/Users/twer/rails_test/blog/app/controllers/application_controller.rb": [
        1,
        null,
        null,
        1,
        null,
        1,
        4,
        0,
        null,
        null,
        null,
        null
      ],
      "/Users/twer/rails_test/blog/app/models/user.rb": [
        1,
        1,
        null,
        1,
        1,
        null
      ],
      "/Users/twer/rails_test/blog/app/models/tag.rb": [
        1,
        null,
        1,
        1,
        null,
        null,
        null
      ],
      "/Users/twer/rails_test/blog/app/models/article_tag.rb": [
        1,
        1,
        1,
        null,
        1,
        1,
        null
      ]
    },
    "timestamp": 1426350528
  }
}
